<?xml version="1.0" encoding="UTF-8"?>
<TestSessionContainer xmlns="http://www.codecover.org/xml/testsession-container" Date="1368695905521" TestSessionContainerId="df9522e3-3e0b-434f-a8cc-3f9d9d174766" version="1.0">
<SrcFileList>
<SrcFile Content="public class Triangle {&#13;&#10;&#9;// 定义三角形的三边&#13;&#10;&#9;protected long lborderA = 0;&#13;&#10;&#13;&#10;&#9;protected long lborderB = 0;&#13;&#10;&#13;&#10;&#9;protected long lborderC = 0;&#13;&#10;&#13;&#10;&#9;// 构造函数&#13;&#10;&#9;public Triangle(long lborderA, long lborderB, long lborderC) {&#13;&#10;&#13;&#10;&#9;&#9;this.lborderA = lborderA;&#13;&#10;&#13;&#10;&#9;&#9;this.lborderB = lborderB;&#13;&#10;&#13;&#10;&#9;&#9;this.lborderC = lborderC;&#13;&#10;&#13;&#10;&#9;}&#13;&#10;&#13;&#10;&#9;/**&#13;&#10;&#9; * 判断是否是三角形&#13;&#10;&#9; * &#13;&#10;&#9; * 是返回true；不是返回false&#13;&#10;&#9; */&#13;&#10;&#9;public boolean isTriangle(Triangle triangle) {&#13;&#10;&#9;&#9;boolean isTriangle = false;&#13;&#10;&#13;&#10;&#9;&#9;// 判断边界，大于0 小于或等于Long.MAX_VALUE，出界返回false&#13;&#10;&#9;&#9;if ((triangle.lborderA &gt; 0 &amp;&amp; triangle.lborderA &lt;= Long.MAX_VALUE)&#13;&#10;&#9;&#9;&#9;&#9;&amp;&amp; (triangle.lborderB &gt; 0 &amp;&amp; triangle.lborderB &lt;= Long.MAX_VALUE)&#13;&#10;&#9;&#9;&#9;&#9;&amp;&amp; (triangle.lborderC &gt; 0 &amp;&amp; triangle.lborderC &lt;= Long.MAX_VALUE)) {&#13;&#10;&#13;&#10;&#9;&#9;&#9;// 判断两边之差小于第三边&#13;&#10;&#9;&#9;&#9;if (diffOfBorders(triangle.lborderA, triangle.lborderB) &lt; triangle.lborderC&#13;&#10;&#9;&#9;&#9;&#9;&#9;&amp;&amp; diffOfBorders(triangle.lborderB, triangle.lborderC) &lt; triangle.lborderA&#13;&#10;&#9;&#9;&#9;&#9;&#9;&amp;&amp; diffOfBorders(triangle.lborderC, triangle.lborderA) &lt; triangle.lborderB) {&#13;&#10;&#9;&#9;&#9;&#9;isTriangle = true;&#13;&#10;&#9;&#9;&#9;}&#13;&#10;&#13;&#10;&#9;&#9;}&#13;&#10;&#9;&#9;return isTriangle;&#13;&#10;&#9;}&#13;&#10;&#13;&#10;&#9;/**&#13;&#10;&#9; * 判断三角形类型&#13;&#10;&#9; * &#13;&#10;&#9; * 只有两条边相等的三角形返回字符串“等腰三角形”； 三边均相等的三角形返回字符串“等边三角形”； 三边均不等的三角形返回字符串“不等边三角形”；&#13;&#10;&#9; */&#13;&#10;&#9;public String getType(Triangle triangle) {&#13;&#10;&#9;&#9;String strType = &quot;不是三角形&quot;;&#13;&#10;&#13;&#10;&#9;&#9;// 判断是否是三角形&#13;&#10;&#9;&#9;if (isTriangle(triangle)) {&#13;&#10;&#9;&#9;&#9;// 判断是否是等边三角形&#13;&#10;&#9;&#9;&#9;if (triangle.lborderA == triangle.lborderB&#13;&#10;&#9;&#9;&#9;&#9;&#9;&amp;&amp; triangle.lborderB == triangle.lborderC) {&#13;&#10;&#9;&#9;&#9;&#9;strType = &quot;等边三角形&quot;;&#13;&#10;&#9;&#9;&#9;}&#13;&#10;&#9;&#9;&#9;// 判断是否是不等边三角形&#13;&#10;&#9;&#9;&#9;else if ((triangle.lborderA != triangle.lborderB)&#13;&#10;&#9;&#9;&#9;&#9;&#9;&amp;&amp; (triangle.lborderB != triangle.lborderC)&#13;&#10;&#9;&#9;&#9;&#9;&#9;&amp;&amp; (triangle.lborderA != triangle.lborderC)) {&#13;&#10;&#9;&#9;&#9;&#9;strType = &quot;不等边三角形&quot;;&#13;&#10;&#9;&#9;&#9;}&#13;&#10;&#9;&#9;&#9;// 三角形既非三边全部相等，又非全部不等，只能是部分相等即等腰三角形&#13;&#10;&#9;&#9;&#9;else {&#13;&#10;&#9;&#9;&#9;&#9;strType = &quot;等腰三角形&quot;;&#13;&#10;&#9;&#9;&#9;}&#13;&#10;&#9;&#9;}&#13;&#10;&#13;&#10;&#9;&#9;return strType;&#13;&#10;&#9;}&#13;&#10;&#13;&#10;&#9;/**&#13;&#10;&#9; * 计算两边之差的绝对值&#13;&#10;&#9; * &#13;&#10;&#9; * */&#13;&#10;&#9;public long diffOfBorders(long a, long b) {&#13;&#10;&#9;&#9;return (a &gt; b) ? (a - b) : (b - a);&#13;&#10;&#9;}&#13;&#10;&#13;&#10;&#9;/**&#13;&#10;&#9; * 用于获取三角形的边长&#13;&#10;&#9; */&#13;&#10;&#9;public long[] getBorders() {&#13;&#10;&#9;&#9;long[] borders = new long[3];&#13;&#10;&#9;&#9;borders[0] = this.lborderA;&#13;&#10;&#9;&#9;borders[1] = this.lborderB;&#13;&#10;&#9;&#9;borders[2] = this.lborderC;&#13;&#10;&#9;&#9;return borders;&#13;&#10;&#9;}&#13;&#10;}" Filename="Triangle.java" Intrnl_Id="1"/>
<SrcFile Content="import static org.junit.Assert.*;&#13;&#10;&#13;&#10;import org.junit.Test;&#13;&#10;&#13;&#10;&#13;&#10;public class TriangleTest {&#13;&#10;    /**&#13;&#10;     * 测试Tiangle的diffOfBorders方法，分支测试（a &gt; b条件为真的情况）&#13;&#10;     */&#13;&#10;&#9;@Test&#13;&#10;&#9;public void testDiffOfBorders1(){&#13;&#10;&#9;&#9;Triangle t = new Triangle(4,5,6);&#13;&#10;&#9;&#9;assertEquals(1, t.diffOfBorders(4, 5));&#13;&#10;&#9;}&#13;&#10;&#9;&#13;&#10;&#9;/**&#13;&#10;     * 测试Tiangle的diffOfBorders方法，分支测试（a &gt; b条件为假的情况）&#13;&#10;     */&#13;&#10;&#9;@Test&#13;&#10;&#9;public void testDiffOfBorders2(){&#13;&#10;&#9;&#9;Triangle t = new Triangle(4,5,6);&#13;&#10;&#9;&#9;assertEquals(1, t.diffOfBorders(5,4));&#13;&#10;&#9;}&#13;&#10;&#9;&#13;&#10;&#9;/**&#13;&#10;     * 测试Tiangle的diffOfBorders方法，分支测试（a &gt; b条件为真的情况），边界值测试（a==b)&#13;&#10;     */&#13;&#10;&#9;@Test&#13;&#10;&#9;public void testDiffOfBorders(){&#13;&#10;&#9;&#9;Triangle t = new Triangle(4,4,6);&#13;&#10;&#9;&#9;assertEquals(0, t.diffOfBorders(4, 4));&#13;&#10;&#9;}&#13;&#10;&#9;/*&#13;&#10;&#9; * 测试Triangle的getBorders&#13;&#10;&#9; * &#13;&#10;&#9; * &#13;&#10;&#9; * &#13;&#10;&#9; */&#13;&#10;&#9;@Test&#13;&#10;&#9;public void testgetBorders()&#13;&#10;&#9;{&#13;&#10;&#9;&#9;Triangle t = new Triangle(4,4,6);&#13;&#10;&#9;&#9;long[] res=t.getBorders();&#13;&#10;&#9;&#9;assertEquals(4,res[0] );&#13;&#10;&#9;&#9;assertEquals(4, res[1]);&#13;&#10;&#9;&#9;assertEquals(6, res[2]);&#13;&#10;&#9;}&#13;&#10;&#9;/*&#13;&#10;&#9; * 测试Triangle的isTriangle方法,MC/DC&#13;&#10;&#9; * 1.triangle.lborderA &gt; 0 独立影响true-----（-3,4,5）和false---（3,4,5）&#13;&#10;&#9; * 2.triangle.lborderB &gt; 0 独立影响true-----（-3,4,5）和false---（3,4,5）&#13;&#10;&#9; *3.triangle.lborderC &gt; 0 独立影响true-----（-3,4,5）和false---（3,4,5）&#13;&#10;&#9; *4.diffOfBorders(triangle.lborderA, triangle.lborderB) &lt; triangle.lborderC 独立影响true-----（3,4,5）和false---（10,4,5）&#13;&#10;&#9;* 5.diffOfBorders(triangle.lborderB, triangle.lborderC) &lt; triangle.lborderA 独立影响true-----（3,4,5）和false---（3,4,8）&#13;&#10;&#9; *6.diffOfBorders(triangle.lborderC, triangle.lborderA) &lt; triangle.lborderB 独立影响true-----（3,4,5）和false---（3,1,5）&#13;&#10;&#9; */&#13;&#10;&#9;@Test&#13;&#10;&#9;public void testisTriangle(){&#13;&#10;&#9;&#9;Triangle t1 = new Triangle(-3,4,5);&#13;&#10;&#9;&#9;assertEquals(false,t1.isTriangle(t1));&#13;&#10;&#9;&#9;Triangle t2 = new Triangle(3,4,5);&#13;&#10;&#9;&#9;assertEquals(true,t2.isTriangle(t2));&#13;&#10;&#9;&#9;Triangle t3 = new Triangle(3,-4,5);&#13;&#10;&#9;&#9;assertEquals(false,t3.isTriangle(t3));&#13;&#10;&#9;&#9;Triangle t4 = new Triangle(3,4,5);&#13;&#10;&#9;&#9;assertEquals(true,t4.isTriangle(t4));&#13;&#10;&#9;&#9;Triangle t5 = new Triangle(3,4,-5);&#13;&#10;&#9;&#9;assertEquals(false,t5.isTriangle(t5));&#13;&#10;&#9;&#9;Triangle t6 = new Triangle(3,4,5);&#13;&#10;&#9;&#9;assertEquals(true,t6.isTriangle(t6));&#13;&#10;&#9;&#9;&#13;&#10;&#9;&#9;&#13;&#10;&#9;&#9;Triangle t7 = new Triangle(3,4,5);&#13;&#10;&#9;&#9;assertEquals(true,t7.isTriangle(t7));&#13;&#10;&#9;&#9;Triangle t8 = new Triangle(10,4,5);&#13;&#10;&#9;&#9;assertEquals(false,t8.isTriangle(t8));&#13;&#10;&#9;&#9;Triangle t9 = new Triangle(3,4,5);&#13;&#10;&#9;&#9;assertEquals(true,t9.isTriangle(t9));&#13;&#10;&#9;&#9;Triangle t10 = new Triangle(3,4,8);&#13;&#10;&#9;&#9;assertEquals(false,t10.isTriangle(t10));&#13;&#10;&#9;&#9;Triangle t11 = new Triangle(3,4,5);&#13;&#10;&#9;&#9;assertEquals(true, t11.isTriangle(t11));&#13;&#10;&#9;&#9;Triangle t12 = new Triangle(3,1,5);&#13;&#10;&#9;&#9;assertEquals(false,t12.isTriangle(t12));&#13;&#10;&#9;}&#13;&#10;&#13;&#10;}&#13;&#10;" Filename="TriangleTest.java" Intrnl_Id="2"/>
</SrcFileList>
<CritList>
<CritListEntry Name="org.codecover.model.utils.criteria.LoopCoverage" PluginName="org.codecover"/>
<CritListEntry Name="org.codecover.model.utils.criteria.BranchCoverage" PluginName="org.codecover"/>
<CritListEntry Name="org.codecover.model.utils.criteria.ConditionCoverage" PluginName="org.codecover"/>
<CritListEntry Name="org.codecover.model.utils.criteria.SynchronizedStatementCoverage" PluginName="org.codecover"/>
<CritListEntry Name="org.codecover.model.utils.criteria.QMOCoverage" PluginName="org.codecover"/>
<CritListEntry Name="org.codecover.model.utils.criteria.StatementCoverage" PluginName="org.codecover"/>
</CritList>
<BoolOpList>
<BoolOp Arity="2" Intrnl_Id="3" Name="conditional and (&amp;&amp;)">
<BoolAssgnmntBoolMapList>
<MapEntry BoolAssgnmnt="10" Value="false"/>
<MapEntry BoolAssgnmnt="02" Value="false"/>
<MapEntry BoolAssgnmnt="11" Value="true"/>
</BoolAssgnmntBoolMapList>
</BoolOp>
</BoolOpList>
<HierarchyLvlTypeList>
<HierarchyLvlType EnglishName="class" IntrnlName="class" Intrnl_Id="4"/>
<HierarchyLvlType EnglishName="method" IntrnlName="method" Intrnl_Id="5"/>
<HierarchyLvlType EnglishName="default package" IntrnlName="default package" Intrnl_Id="6"/>
</HierarchyLvlTypeList>
<MASTRoot>
<HierarchyLvl HierarchyLvlId="177" HierarchyLvlTypeId="6" Intrnl_Id="7" Name="default package">
<Header/>
<LocList/>
<HierarchyLvl HierarchyLvlId="170" HierarchyLvlTypeId="4" Intrnl_Id="8" Name="Triangle">
<Header>
<Loc EndOffset="21" SrcFileId="1" StartOffset="0"/>
</Header>
<LocList>
<Loc EndOffset="2074" SrcFileId="1" StartOffset="0"/>
</LocList>
<StmntSeq Intrnl_Id="9">
<LocList>
<Loc EndOffset="68" SrcFileId="1" StartOffset="40"/>
<Loc EndOffset="101" SrcFileId="1" StartOffset="73"/>
<Loc EndOffset="134" SrcFileId="1" StartOffset="106"/>
</LocList>
<BasicStmnt CovItemId="S1" CovItemPrefix="Triangle.java" Intrnl_Id="10">
<LocList>
<Loc EndOffset="68" SrcFileId="1" StartOffset="40"/>
</LocList>
</BasicStmnt>
<BasicStmnt CovItemId="S2" CovItemPrefix="Triangle.java" Intrnl_Id="11">
<LocList>
<Loc EndOffset="101" SrcFileId="1" StartOffset="73"/>
</LocList>
</BasicStmnt>
<BasicStmnt CovItemId="S3" CovItemPrefix="Triangle.java" Intrnl_Id="12">
<LocList>
<Loc EndOffset="134" SrcFileId="1" StartOffset="106"/>
</LocList>
</BasicStmnt>
</StmntSeq>
<HierarchyLvl HierarchyLvlId="165" HierarchyLvlTypeId="5" Intrnl_Id="13" Name="Triangle">
<Header>
<Loc EndOffset="209" SrcFileId="1" StartOffset="149"/>
</Header>
<LocList>
<Loc EndOffset="310" SrcFileId="1" StartOffset="149"/>
</LocList>
<StmntSeq Intrnl_Id="14">
<LocList>
<Loc EndOffset="242" SrcFileId="1" StartOffset="217"/>
<Loc EndOffset="273" SrcFileId="1" StartOffset="248"/>
<Loc EndOffset="304" SrcFileId="1" StartOffset="279"/>
</LocList>
<BasicStmnt CovItemId="S4" CovItemPrefix="Triangle.java" Intrnl_Id="15">
<LocList>
<Loc EndOffset="242" SrcFileId="1" StartOffset="217"/>
</LocList>
</BasicStmnt>
<BasicStmnt CovItemId="S5" CovItemPrefix="Triangle.java" Intrnl_Id="16">
<LocList>
<Loc EndOffset="273" SrcFileId="1" StartOffset="248"/>
</LocList>
</BasicStmnt>
<BasicStmnt CovItemId="S6" CovItemPrefix="Triangle.java" Intrnl_Id="17">
<LocList>
<Loc EndOffset="304" SrcFileId="1" StartOffset="279"/>
</LocList>
</BasicStmnt>
</StmntSeq>
</HierarchyLvl>
<HierarchyLvl HierarchyLvlId="166" HierarchyLvlTypeId="5" Intrnl_Id="18" Name="isTriangle">
<Header>
<Loc EndOffset="414" SrcFileId="1" StartOffset="370"/>
</Header>
<LocList>
<Loc EndOffset="1038" SrcFileId="1" StartOffset="370"/>
</LocList>
<StmntSeq Intrnl_Id="19">
<LocList>
<Loc EndOffset="447" SrcFileId="1" StartOffset="420"/>
<Loc EndOffset="1012" SrcFileId="1" StartOffset="498"/>
<Loc EndOffset="1034" SrcFileId="1" StartOffset="1016"/>
</LocList>
<BasicStmnt CovItemId="S7" CovItemPrefix="Triangle.java" Intrnl_Id="20">
<LocList>
<Loc EndOffset="447" SrcFileId="1" StartOffset="420"/>
</LocList>
</BasicStmnt>
<CondStmnt CovItemId="S8" CovItemPrefix="Triangle.java" Intrnl_Id="21">
<Branch CovItemId="B1" CovItemPrefix="Triangle.java" Implct="false" Intrnl_Id="22">
<Cond/>
<LocList>
<Loc EndOffset="1012" SrcFileId="1" StartOffset="708"/>
</LocList>
<StmntSeq Intrnl_Id="23">
<LocList>
<Loc EndOffset="1005" SrcFileId="1" StartOffset="735"/>
</LocList>
<CondStmnt CovItemId="S9" CovItemPrefix="Triangle.java" Intrnl_Id="24">
<Branch CovItemId="B3" CovItemPrefix="Triangle.java" Implct="false" Intrnl_Id="25">
<Cond/>
<LocList>
<Loc EndOffset="1005" SrcFileId="1" StartOffset="974"/>
</LocList>
<StmntSeq Intrnl_Id="26">
<LocList>
<Loc EndOffset="999" SrcFileId="1" StartOffset="981"/>
</LocList>
<BasicStmnt CovItemId="S10" CovItemPrefix="Triangle.java" Intrnl_Id="27">
<LocList>
<Loc EndOffset="999" SrcFileId="1" StartOffset="981"/>
</LocList>
</BasicStmnt>
</StmntSeq>
</Branch>
<Branch CovItemId="B4" CovItemPrefix="Triangle.java" Implct="true" Intrnl_Id="28">
<Cond/>
<LocList/>
<StmntSeq Intrnl_Id="29">
<LocList/>
</StmntSeq>
</Branch>
<Keyword EndOffset="737" SrcFileId="1" StartOffset="735"/>
<LocList>
<Loc EndOffset="1005" SrcFileId="1" StartOffset="735"/>
</LocList>
<RootTerm CovItemId="C2" CovItemPrefix="Triangle.java" Intrnl_Id="30">
<OpTerm BooleanOpId="3" Intrnl_Id="31">
<OpTerm BooleanOpId="3" Intrnl_Id="32">
<BasicBoolTerm Intrnl_Id="33">
<LocList>
<Loc EndOffset="810" SrcFileId="1" StartOffset="739"/>
</LocList>
</BasicBoolTerm>
<BasicBoolTerm Intrnl_Id="34">
<LocList>
<Loc EndOffset="891" SrcFileId="1" StartOffset="820"/>
</LocList>
</BasicBoolTerm>
<LocList>
<Loc EndOffset="819" SrcFileId="1" StartOffset="817"/>
</LocList>
</OpTerm>
<BasicBoolTerm Intrnl_Id="35">
<LocList>
<Loc EndOffset="972" SrcFileId="1" StartOffset="901"/>
</LocList>
</BasicBoolTerm>
<LocList>
<Loc EndOffset="900" SrcFileId="1" StartOffset="898"/>
</LocList>
</OpTerm>
</RootTerm>
</CondStmnt>
</StmntSeq>
</Branch>
<Branch CovItemId="B2" CovItemPrefix="Triangle.java" Implct="true" Intrnl_Id="36">
<Cond/>
<LocList/>
<StmntSeq Intrnl_Id="37">
<LocList/>
</StmntSeq>
</Branch>
<Keyword EndOffset="500" SrcFileId="1" StartOffset="498"/>
<LocList>
<Loc EndOffset="1012" SrcFileId="1" StartOffset="498"/>
</LocList>
<RootTerm CovItemId="C1" CovItemPrefix="Triangle.java" Intrnl_Id="38">
<OpTerm BooleanOpId="3" Intrnl_Id="39">
<OpTerm BooleanOpId="3" Intrnl_Id="40">
<OpTerm BooleanOpId="3" Intrnl_Id="41">
<BasicBoolTerm Intrnl_Id="42">
<LocList>
<Loc EndOffset="524" SrcFileId="1" StartOffset="503"/>
</LocList>
</BasicBoolTerm>
<BasicBoolTerm Intrnl_Id="43">
<LocList>
<Loc EndOffset="563" SrcFileId="1" StartOffset="528"/>
</LocList>
</BasicBoolTerm>
<LocList>
<Loc EndOffset="527" SrcFileId="1" StartOffset="525"/>
</LocList>
</OpTerm>
<OpTerm BooleanOpId="3" Intrnl_Id="44">
<BasicBoolTerm Intrnl_Id="45">
<LocList>
<Loc EndOffset="595" SrcFileId="1" StartOffset="574"/>
</LocList>
</BasicBoolTerm>
<BasicBoolTerm Intrnl_Id="46">
<LocList>
<Loc EndOffset="634" SrcFileId="1" StartOffset="599"/>
</LocList>
</BasicBoolTerm>
<LocList>
<Loc EndOffset="598" SrcFileId="1" StartOffset="596"/>
</LocList>
</OpTerm>
<LocList>
<Loc EndOffset="572" SrcFileId="1" StartOffset="570"/>
</LocList>
</OpTerm>
<OpTerm BooleanOpId="3" Intrnl_Id="47">
<BasicBoolTerm Intrnl_Id="48">
<LocList>
<Loc EndOffset="666" SrcFileId="1" StartOffset="645"/>
</LocList>
</BasicBoolTerm>
<BasicBoolTerm Intrnl_Id="49">
<LocList>
<Loc EndOffset="705" SrcFileId="1" StartOffset="670"/>
</LocList>
</BasicBoolTerm>
<LocList>
<Loc EndOffset="669" SrcFileId="1" StartOffset="667"/>
</LocList>
</OpTerm>
<LocList>
<Loc EndOffset="643" SrcFileId="1" StartOffset="641"/>
</LocList>
</OpTerm>
</RootTerm>
</CondStmnt>
<BasicStmnt CovItemId="S11" CovItemPrefix="Triangle.java" Intrnl_Id="50">
<LocList>
<Loc EndOffset="1034" SrcFileId="1" StartOffset="1016"/>
</LocList>
</BasicStmnt>
</StmntSeq>
</HierarchyLvl>
<HierarchyLvl HierarchyLvlId="167" HierarchyLvlTypeId="5" Intrnl_Id="51" Name="getType">
<Header>
<Loc EndOffset="1191" SrcFileId="1" StartOffset="1151"/>
</Header>
<LocList>
<Loc EndOffset="1734" SrcFileId="1" StartOffset="1151"/>
</LocList>
<StmntSeq Intrnl_Id="52">
<LocList>
<Loc EndOffset="1222" SrcFileId="1" StartOffset="1197"/>
<Loc EndOffset="1709" SrcFileId="1" StartOffset="1243"/>
<Loc EndOffset="1730" SrcFileId="1" StartOffset="1715"/>
</LocList>
<BasicStmnt CovItemId="S12" CovItemPrefix="Triangle.java" Intrnl_Id="53">
<LocList>
<Loc EndOffset="1222" SrcFileId="1" StartOffset="1197"/>
</LocList>
</BasicStmnt>
<CondStmnt CovItemId="S13" CovItemPrefix="Triangle.java" Intrnl_Id="54">
<Branch CovItemId="B5" CovItemPrefix="Triangle.java" Implct="false" Intrnl_Id="55">
<Cond/>
<LocList>
<Loc EndOffset="1709" SrcFileId="1" StartOffset="1269"/>
</LocList>
<StmntSeq Intrnl_Id="56">
<LocList>
<Loc EndOffset="1704" SrcFileId="1" StartOffset="1293"/>
</LocList>
<CondStmnt CovItemId="S14" CovItemPrefix="Triangle.java" Intrnl_Id="57">
<Branch CovItemId="B7" CovItemPrefix="Triangle.java" Implct="false" Intrnl_Id="58">
<Cond/>
<LocList>
<Loc EndOffset="1416" SrcFileId="1" StartOffset="1385"/>
</LocList>
<StmntSeq Intrnl_Id="59">
<LocList>
<Loc EndOffset="1410" SrcFileId="1" StartOffset="1392"/>
</LocList>
<BasicStmnt CovItemId="S15" CovItemPrefix="Triangle.java" Intrnl_Id="60">
<LocList>
<Loc EndOffset="1410" SrcFileId="1" StartOffset="1392"/>
</LocList>
</BasicStmnt>
</StmntSeq>
</Branch>
<Branch CovItemId="B8" CovItemPrefix="Triangle.java" Implct="false" Intrnl_Id="61">
<Cond>
<Loc EndOffset="1444" SrcFileId="1" StartOffset="1440"/>
</Cond>
<LocList>
<Loc EndOffset="1704" SrcFileId="1" StartOffset="1445"/>
</LocList>
<StmntSeq Intrnl_Id="62">
<LocList>
<Loc EndOffset="1704" SrcFileId="1" StartOffset="1445"/>
</LocList>
<CondStmnt CovItemId="S16" CovItemPrefix="Triangle.java" Intrnl_Id="63">
<Branch CovItemId="B9" CovItemPrefix="Triangle.java" Implct="false" Intrnl_Id="64">
<Cond/>
<LocList>
<Loc EndOffset="1623" SrcFileId="1" StartOffset="1591"/>
</LocList>
<StmntSeq Intrnl_Id="65">
<LocList>
<Loc EndOffset="1617" SrcFileId="1" StartOffset="1598"/>
</LocList>
<BasicStmnt CovItemId="S17" CovItemPrefix="Triangle.java" Intrnl_Id="66">
<LocList>
<Loc EndOffset="1617" SrcFileId="1" StartOffset="1598"/>
</LocList>
</BasicStmnt>
</StmntSeq>
</Branch>
<Branch CovItemId="B10" CovItemPrefix="Triangle.java" Implct="false" Intrnl_Id="67">
<Cond>
<Loc EndOffset="1672" SrcFileId="1" StartOffset="1668"/>
</Cond>
<LocList>
<Loc EndOffset="1704" SrcFileId="1" StartOffset="1673"/>
</LocList>
<StmntSeq Intrnl_Id="68">
<LocList>
<Loc EndOffset="1698" SrcFileId="1" StartOffset="1680"/>
</LocList>
<BasicStmnt CovItemId="S18" CovItemPrefix="Triangle.java" Intrnl_Id="69">
<LocList>
<Loc EndOffset="1698" SrcFileId="1" StartOffset="1680"/>
</LocList>
</BasicStmnt>
</StmntSeq>
</Branch>
<Keyword EndOffset="1447" SrcFileId="1" StartOffset="1445"/>
<LocList>
<Loc EndOffset="1704" SrcFileId="1" StartOffset="1445"/>
</LocList>
<RootTerm CovItemId="C5" CovItemPrefix="Triangle.java" Intrnl_Id="70">
<OpTerm BooleanOpId="3" Intrnl_Id="71">
<OpTerm BooleanOpId="3" Intrnl_Id="72">
<BasicBoolTerm Intrnl_Id="73">
<LocList>
<Loc EndOffset="1488" SrcFileId="1" StartOffset="1450"/>
</LocList>
</BasicBoolTerm>
<BasicBoolTerm Intrnl_Id="74">
<LocList>
<Loc EndOffset="1538" SrcFileId="1" StartOffset="1500"/>
</LocList>
</BasicBoolTerm>
<LocList>
<Loc EndOffset="1498" SrcFileId="1" StartOffset="1496"/>
</LocList>
</OpTerm>
<BasicBoolTerm Intrnl_Id="75">
<LocList>
<Loc EndOffset="1588" SrcFileId="1" StartOffset="1550"/>
</LocList>
</BasicBoolTerm>
<LocList>
<Loc EndOffset="1548" SrcFileId="1" StartOffset="1546"/>
</LocList>
</OpTerm>
</RootTerm>
</CondStmnt>
</StmntSeq>
</Branch>
<Keyword EndOffset="1295" SrcFileId="1" StartOffset="1293"/>
<LocList>
<Loc EndOffset="1704" SrcFileId="1" StartOffset="1293"/>
</LocList>
<RootTerm CovItemId="C4" CovItemPrefix="Triangle.java" Intrnl_Id="76">
<OpTerm BooleanOpId="3" Intrnl_Id="77">
<BasicBoolTerm Intrnl_Id="78">
<LocList>
<Loc EndOffset="1335" SrcFileId="1" StartOffset="1297"/>
</LocList>
</BasicBoolTerm>
<BasicBoolTerm Intrnl_Id="79">
<LocList>
<Loc EndOffset="1383" SrcFileId="1" StartOffset="1345"/>
</LocList>
</BasicBoolTerm>
<LocList>
<Loc EndOffset="1344" SrcFileId="1" StartOffset="1342"/>
</LocList>
</OpTerm>
</RootTerm>
</CondStmnt>
</StmntSeq>
</Branch>
<Branch CovItemId="B6" CovItemPrefix="Triangle.java" Implct="true" Intrnl_Id="80">
<Cond/>
<LocList/>
<StmntSeq Intrnl_Id="81">
<LocList/>
</StmntSeq>
</Branch>
<Keyword EndOffset="1245" SrcFileId="1" StartOffset="1243"/>
<LocList>
<Loc EndOffset="1709" SrcFileId="1" StartOffset="1243"/>
</LocList>
<RootTerm CovItemId="C3" CovItemPrefix="Triangle.java" Intrnl_Id="82">
<BasicBoolTerm Intrnl_Id="83">
<LocList>
<Loc EndOffset="1267" SrcFileId="1" StartOffset="1247"/>
</LocList>
</BasicBoolTerm>
</RootTerm>
</CondStmnt>
<BasicStmnt CovItemId="S19" CovItemPrefix="Triangle.java" Intrnl_Id="84">
<LocList>
<Loc EndOffset="1730" SrcFileId="1" StartOffset="1715"/>
</LocList>
</BasicStmnt>
</StmntSeq>
</HierarchyLvl>
<HierarchyLvl HierarchyLvlId="168" HierarchyLvlTypeId="5" Intrnl_Id="85" Name="diffOfBorders">
<Header>
<Loc EndOffset="1816" SrcFileId="1" StartOffset="1775"/>
</Header>
<LocList>
<Loc EndOffset="1861" SrcFileId="1" StartOffset="1775"/>
</LocList>
<StmntSeq Intrnl_Id="86">
<LocList>
<Loc EndOffset="1857" SrcFileId="1" StartOffset="1822"/>
</LocList>
<BasicStmnt CovItemId="S20" CovItemPrefix="Triangle.java" Intrnl_Id="87">
<LocList>
<Loc EndOffset="1857" SrcFileId="1" StartOffset="1822"/>
</LocList>
<QMO CovItemId="Q0" CovItemPrefix="Triangle.java" Intrnl_Id="88">
<LocList>
<Loc EndOffset="1836" SrcFileId="1" StartOffset="1829"/>
</LocList>
<QMO_E CovItemId="Q0-0" CovItemPrefix="Triangle.java" Intrnl_Id="89">
<LocList>
<Loc EndOffset="1846" SrcFileId="1" StartOffset="1839"/>
</LocList>
</QMO_E>
<QMO_E CovItemId="Q0-1" CovItemPrefix="Triangle.java" Intrnl_Id="90">
<LocList>
<Loc EndOffset="1856" SrcFileId="1" StartOffset="1849"/>
</LocList>
</QMO_E>
</QMO>
</BasicStmnt>
</StmntSeq>
</HierarchyLvl>
<HierarchyLvl HierarchyLvlId="169" HierarchyLvlTypeId="5" Intrnl_Id="91" Name="getBorders">
<Header>
<Loc EndOffset="1920" SrcFileId="1" StartOffset="1894"/>
</Header>
<LocList>
<Loc EndOffset="2071" SrcFileId="1" StartOffset="1894"/>
</LocList>
<StmntSeq Intrnl_Id="92">
<LocList>
<Loc EndOffset="1955" SrcFileId="1" StartOffset="1926"/>
<Loc EndOffset="1986" SrcFileId="1" StartOffset="1959"/>
<Loc EndOffset="2017" SrcFileId="1" StartOffset="1990"/>
<Loc EndOffset="2048" SrcFileId="1" StartOffset="2021"/>
<Loc EndOffset="2067" SrcFileId="1" StartOffset="2052"/>
</LocList>
<BasicStmnt CovItemId="S21" CovItemPrefix="Triangle.java" Intrnl_Id="93">
<LocList>
<Loc EndOffset="1955" SrcFileId="1" StartOffset="1926"/>
</LocList>
</BasicStmnt>
<BasicStmnt CovItemId="S22" CovItemPrefix="Triangle.java" Intrnl_Id="94">
<LocList>
<Loc EndOffset="1986" SrcFileId="1" StartOffset="1959"/>
</LocList>
</BasicStmnt>
<BasicStmnt CovItemId="S23" CovItemPrefix="Triangle.java" Intrnl_Id="95">
<LocList>
<Loc EndOffset="2017" SrcFileId="1" StartOffset="1990"/>
</LocList>
</BasicStmnt>
<BasicStmnt CovItemId="S24" CovItemPrefix="Triangle.java" Intrnl_Id="96">
<LocList>
<Loc EndOffset="2048" SrcFileId="1" StartOffset="2021"/>
</LocList>
</BasicStmnt>
<BasicStmnt CovItemId="S25" CovItemPrefix="Triangle.java" Intrnl_Id="97">
<LocList>
<Loc EndOffset="2067" SrcFileId="1" StartOffset="2052"/>
</LocList>
</BasicStmnt>
</StmntSeq>
</HierarchyLvl>
</HierarchyLvl>
<HierarchyLvl HierarchyLvlId="176" HierarchyLvlTypeId="4" Intrnl_Id="98" Name="TriangleTest">
<Header>
<Loc EndOffset="90" SrcFileId="2" StartOffset="65"/>
</Header>
<LocList>
<Loc EndOffset="2570" SrcFileId="2" StartOffset="65"/>
</LocList>
<HierarchyLvl HierarchyLvlId="171" HierarchyLvlTypeId="5" Intrnl_Id="99" Name="testDiffOfBorders1">
<Header>
<Loc EndOffset="206" SrcFileId="2" StartOffset="166"/>
</Header>
<LocList>
<Loc EndOffset="291" SrcFileId="2" StartOffset="166"/>
</LocList>
<StmntSeq Intrnl_Id="100">
<LocList>
<Loc EndOffset="244" SrcFileId="2" StartOffset="211"/>
<Loc EndOffset="287" SrcFileId="2" StartOffset="248"/>
</LocList>
<BasicStmnt CovItemId="S1" CovItemPrefix="TriangleTest.java" Intrnl_Id="101">
<LocList>
<Loc EndOffset="244" SrcFileId="2" StartOffset="211"/>
</LocList>
</BasicStmnt>
<BasicStmnt CovItemId="S2" CovItemPrefix="TriangleTest.java" Intrnl_Id="102">
<LocList>
<Loc EndOffset="287" SrcFileId="2" StartOffset="248"/>
</LocList>
</BasicStmnt>
</StmntSeq>
</HierarchyLvl>
<HierarchyLvl HierarchyLvlId="172" HierarchyLvlTypeId="5" Intrnl_Id="103" Name="testDiffOfBorders2">
<Header>
<Loc EndOffset="405" SrcFileId="2" StartOffset="365"/>
</Header>
<LocList>
<Loc EndOffset="489" SrcFileId="2" StartOffset="365"/>
</LocList>
<StmntSeq Intrnl_Id="104">
<LocList>
<Loc EndOffset="443" SrcFileId="2" StartOffset="410"/>
<Loc EndOffset="485" SrcFileId="2" StartOffset="447"/>
</LocList>
<BasicStmnt CovItemId="S3" CovItemPrefix="TriangleTest.java" Intrnl_Id="105">
<LocList>
<Loc EndOffset="443" SrcFileId="2" StartOffset="410"/>
</LocList>
</BasicStmnt>
<BasicStmnt CovItemId="S4" CovItemPrefix="TriangleTest.java" Intrnl_Id="106">
<LocList>
<Loc EndOffset="485" SrcFileId="2" StartOffset="447"/>
</LocList>
</BasicStmnt>
</StmntSeq>
</HierarchyLvl>
<HierarchyLvl HierarchyLvlId="173" HierarchyLvlTypeId="5" Intrnl_Id="107" Name="testDiffOfBorders">
<Header>
<Loc EndOffset="614" SrcFileId="2" StartOffset="575"/>
</Header>
<LocList>
<Loc EndOffset="699" SrcFileId="2" StartOffset="575"/>
</LocList>
<StmntSeq Intrnl_Id="108">
<LocList>
<Loc EndOffset="652" SrcFileId="2" StartOffset="619"/>
<Loc EndOffset="695" SrcFileId="2" StartOffset="656"/>
</LocList>
<BasicStmnt CovItemId="S5" CovItemPrefix="TriangleTest.java" Intrnl_Id="109">
<LocList>
<Loc EndOffset="652" SrcFileId="2" StartOffset="619"/>
</LocList>
</BasicStmnt>
<BasicStmnt CovItemId="S6" CovItemPrefix="TriangleTest.java" Intrnl_Id="110">
<LocList>
<Loc EndOffset="695" SrcFileId="2" StartOffset="656"/>
</LocList>
</BasicStmnt>
</StmntSeq>
</HierarchyLvl>
<HierarchyLvl HierarchyLvlId="174" HierarchyLvlTypeId="5" Intrnl_Id="111" Name="testgetBorders">
<Header>
<Loc EndOffset="794" SrcFileId="2" StartOffset="758"/>
</Header>
<LocList>
<Loc EndOffset="953" SrcFileId="2" StartOffset="758"/>
</LocList>
<StmntSeq Intrnl_Id="112">
<LocList>
<Loc EndOffset="835" SrcFileId="2" StartOffset="802"/>
<Loc EndOffset="865" SrcFileId="2" StartOffset="839"/>
<Loc EndOffset="893" SrcFileId="2" StartOffset="869"/>
<Loc EndOffset="921" SrcFileId="2" StartOffset="897"/>
<Loc EndOffset="949" SrcFileId="2" StartOffset="925"/>
</LocList>
<BasicStmnt CovItemId="S7" CovItemPrefix="TriangleTest.java" Intrnl_Id="113">
<LocList>
<Loc EndOffset="835" SrcFileId="2" StartOffset="802"/>
</LocList>
</BasicStmnt>
<BasicStmnt CovItemId="S8" CovItemPrefix="TriangleTest.java" Intrnl_Id="114">
<LocList>
<Loc EndOffset="865" SrcFileId="2" StartOffset="839"/>
</LocList>
</BasicStmnt>
<BasicStmnt CovItemId="S9" CovItemPrefix="TriangleTest.java" Intrnl_Id="115">
<LocList>
<Loc EndOffset="893" SrcFileId="2" StartOffset="869"/>
</LocList>
</BasicStmnt>
<BasicStmnt CovItemId="S10" CovItemPrefix="TriangleTest.java" Intrnl_Id="116">
<LocList>
<Loc EndOffset="921" SrcFileId="2" StartOffset="897"/>
</LocList>
</BasicStmnt>
<BasicStmnt CovItemId="S11" CovItemPrefix="TriangleTest.java" Intrnl_Id="117">
<LocList>
<Loc EndOffset="949" SrcFileId="2" StartOffset="925"/>
</LocList>
</BasicStmnt>
</StmntSeq>
</HierarchyLvl>
<HierarchyLvl HierarchyLvlId="175" HierarchyLvlTypeId="5" Intrnl_Id="118" Name="testisTriangle">
<Header>
<Loc EndOffset="1584" SrcFileId="2" StartOffset="1548"/>
</Header>
<LocList>
<Loc EndOffset="2565" SrcFileId="2" StartOffset="1548"/>
</LocList>
<StmntSeq Intrnl_Id="119">
<LocList>
<Loc EndOffset="1624" SrcFileId="2" StartOffset="1589"/>
<Loc EndOffset="1666" SrcFileId="2" StartOffset="1628"/>
<Loc EndOffset="1704" SrcFileId="2" StartOffset="1670"/>
<Loc EndOffset="1745" SrcFileId="2" StartOffset="1708"/>
<Loc EndOffset="1784" SrcFileId="2" StartOffset="1749"/>
<Loc EndOffset="1826" SrcFileId="2" StartOffset="1788"/>
<Loc EndOffset="1864" SrcFileId="2" StartOffset="1830"/>
<Loc EndOffset="1905" SrcFileId="2" StartOffset="1868"/>
<Loc EndOffset="1944" SrcFileId="2" StartOffset="1909"/>
<Loc EndOffset="1986" SrcFileId="2" StartOffset="1948"/>
<Loc EndOffset="2024" SrcFileId="2" StartOffset="1990"/>
<Loc EndOffset="2065" SrcFileId="2" StartOffset="2028"/>
<Loc EndOffset="2111" SrcFileId="2" StartOffset="2077"/>
<Loc EndOffset="2152" SrcFileId="2" StartOffset="2115"/>
<Loc EndOffset="2191" SrcFileId="2" StartOffset="2156"/>
<Loc EndOffset="2233" SrcFileId="2" StartOffset="2195"/>
<Loc EndOffset="2271" SrcFileId="2" StartOffset="2237"/>
<Loc EndOffset="2312" SrcFileId="2" StartOffset="2275"/>
<Loc EndOffset="2351" SrcFileId="2" StartOffset="2316"/>
<Loc EndOffset="2395" SrcFileId="2" StartOffset="2355"/>
<Loc EndOffset="2434" SrcFileId="2" StartOffset="2399"/>
<Loc EndOffset="2478" SrcFileId="2" StartOffset="2438"/>
<Loc EndOffset="2517" SrcFileId="2" StartOffset="2482"/>
<Loc EndOffset="2561" SrcFileId="2" StartOffset="2521"/>
</LocList>
<BasicStmnt CovItemId="S12" CovItemPrefix="TriangleTest.java" Intrnl_Id="120">
<LocList>
<Loc EndOffset="1624" SrcFileId="2" StartOffset="1589"/>
</LocList>
</BasicStmnt>
<BasicStmnt CovItemId="S13" CovItemPrefix="TriangleTest.java" Intrnl_Id="121">
<LocList>
<Loc EndOffset="1666" SrcFileId="2" StartOffset="1628"/>
</LocList>
</BasicStmnt>
<BasicStmnt CovItemId="S14" CovItemPrefix="TriangleTest.java" Intrnl_Id="122">
<LocList>
<Loc EndOffset="1704" SrcFileId="2" StartOffset="1670"/>
</LocList>
</BasicStmnt>
<BasicStmnt CovItemId="S15" CovItemPrefix="TriangleTest.java" Intrnl_Id="123">
<LocList>
<Loc EndOffset="1745" SrcFileId="2" StartOffset="1708"/>
</LocList>
</BasicStmnt>
<BasicStmnt CovItemId="S16" CovItemPrefix="TriangleTest.java" Intrnl_Id="124">
<LocList>
<Loc EndOffset="1784" SrcFileId="2" StartOffset="1749"/>
</LocList>
</BasicStmnt>
<BasicStmnt CovItemId="S17" CovItemPrefix="TriangleTest.java" Intrnl_Id="125">
<LocList>
<Loc EndOffset="1826" SrcFileId="2" StartOffset="1788"/>
</LocList>
</BasicStmnt>
<BasicStmnt CovItemId="S18" CovItemPrefix="TriangleTest.java" Intrnl_Id="126">
<LocList>
<Loc EndOffset="1864" SrcFileId="2" StartOffset="1830"/>
</LocList>
</BasicStmnt>
<BasicStmnt CovItemId="S19" CovItemPrefix="TriangleTest.java" Intrnl_Id="127">
<LocList>
<Loc EndOffset="1905" SrcFileId="2" StartOffset="1868"/>
</LocList>
</BasicStmnt>
<BasicStmnt CovItemId="S20" CovItemPrefix="TriangleTest.java" Intrnl_Id="128">
<LocList>
<Loc EndOffset="1944" SrcFileId="2" StartOffset="1909"/>
</LocList>
</BasicStmnt>
<BasicStmnt CovItemId="S21" CovItemPrefix="TriangleTest.java" Intrnl_Id="129">
<LocList>
<Loc EndOffset="1986" SrcFileId="2" StartOffset="1948"/>
</LocList>
</BasicStmnt>
<BasicStmnt CovItemId="S22" CovItemPrefix="TriangleTest.java" Intrnl_Id="130">
<LocList>
<Loc EndOffset="2024" SrcFileId="2" StartOffset="1990"/>
</LocList>
</BasicStmnt>
<BasicStmnt CovItemId="S23" CovItemPrefix="TriangleTest.java" Intrnl_Id="131">
<LocList>
<Loc EndOffset="2065" SrcFileId="2" StartOffset="2028"/>
</LocList>
</BasicStmnt>
<BasicStmnt CovItemId="S24" CovItemPrefix="TriangleTest.java" Intrnl_Id="132">
<LocList>
<Loc EndOffset="2111" SrcFileId="2" StartOffset="2077"/>
</LocList>
</BasicStmnt>
<BasicStmnt CovItemId="S25" CovItemPrefix="TriangleTest.java" Intrnl_Id="133">
<LocList>
<Loc EndOffset="2152" SrcFileId="2" StartOffset="2115"/>
</LocList>
</BasicStmnt>
<BasicStmnt CovItemId="S26" CovItemPrefix="TriangleTest.java" Intrnl_Id="134">
<LocList>
<Loc EndOffset="2191" SrcFileId="2" StartOffset="2156"/>
</LocList>
</BasicStmnt>
<BasicStmnt CovItemId="S27" CovItemPrefix="TriangleTest.java" Intrnl_Id="135">
<LocList>
<Loc EndOffset="2233" SrcFileId="2" StartOffset="2195"/>
</LocList>
</BasicStmnt>
<BasicStmnt CovItemId="S28" CovItemPrefix="TriangleTest.java" Intrnl_Id="136">
<LocList>
<Loc EndOffset="2271" SrcFileId="2" StartOffset="2237"/>
</LocList>
</BasicStmnt>
<BasicStmnt CovItemId="S29" CovItemPrefix="TriangleTest.java" Intrnl_Id="137">
<LocList>
<Loc EndOffset="2312" SrcFileId="2" StartOffset="2275"/>
</LocList>
</BasicStmnt>
<BasicStmnt CovItemId="S30" CovItemPrefix="TriangleTest.java" Intrnl_Id="138">
<LocList>
<Loc EndOffset="2351" SrcFileId="2" StartOffset="2316"/>
</LocList>
</BasicStmnt>
<BasicStmnt CovItemId="S31" CovItemPrefix="TriangleTest.java" Intrnl_Id="139">
<LocList>
<Loc EndOffset="2395" SrcFileId="2" StartOffset="2355"/>
</LocList>
</BasicStmnt>
<BasicStmnt CovItemId="S32" CovItemPrefix="TriangleTest.java" Intrnl_Id="140">
<LocList>
<Loc EndOffset="2434" SrcFileId="2" StartOffset="2399"/>
</LocList>
</BasicStmnt>
<BasicStmnt CovItemId="S33" CovItemPrefix="TriangleTest.java" Intrnl_Id="141">
<LocList>
<Loc EndOffset="2478" SrcFileId="2" StartOffset="2438"/>
</LocList>
</BasicStmnt>
<BasicStmnt CovItemId="S34" CovItemPrefix="TriangleTest.java" Intrnl_Id="142">
<LocList>
<Loc EndOffset="2517" SrcFileId="2" StartOffset="2482"/>
</LocList>
</BasicStmnt>
<BasicStmnt CovItemId="S35" CovItemPrefix="TriangleTest.java" Intrnl_Id="143">
<LocList>
<Loc EndOffset="2561" SrcFileId="2" StartOffset="2521"/>
</LocList>
</BasicStmnt>
</StmntSeq>
</HierarchyLvl>
</HierarchyLvl>
</HierarchyLvl>
</MASTRoot>
<TestSession Comment="" Date="1368695908493" Name="2013-5-16 17:18:28">
<TestCase Comment="" Date="1368695908421" Name="TriangleTest:testDiffOfBorders1">
<CovList>
<CovPrefix CovItemPrefix="Triangle.java">
<Cov CovItemId="Q0-1" Value="1"/>
<Cov CovItemId="S1" Value="1"/>
<Cov CovItemId="S2" Value="1"/>
<Cov CovItemId="S20" Value="1"/>
<Cov CovItemId="S3" Value="1"/>
<Cov CovItemId="S4" Value="1"/>
<Cov CovItemId="S5" Value="1"/>
<Cov CovItemId="S6" Value="1"/>
</CovPrefix>
<CovPrefix CovItemPrefix="TriangleTest.java">
<Cov CovItemId="S1" Value="1"/>
<Cov CovItemId="S2" Value="1"/>
</CovPrefix>
</CovList>
<AssgnmntList/>
<ObjMetaDataList/>
<MetaDataList/>
</TestCase>
<TestCase Comment="" Date="1368695908436" Name="TriangleTest:testDiffOfBorders2">
<CovList>
<CovPrefix CovItemPrefix="Triangle.java">
<Cov CovItemId="Q0-0" Value="1"/>
<Cov CovItemId="S1" Value="1"/>
<Cov CovItemId="S2" Value="1"/>
<Cov CovItemId="S20" Value="1"/>
<Cov CovItemId="S3" Value="1"/>
<Cov CovItemId="S4" Value="1"/>
<Cov CovItemId="S5" Value="1"/>
<Cov CovItemId="S6" Value="1"/>
</CovPrefix>
<CovPrefix CovItemPrefix="TriangleTest.java">
<Cov CovItemId="S3" Value="1"/>
<Cov CovItemId="S4" Value="1"/>
</CovPrefix>
</CovList>
<AssgnmntList/>
<ObjMetaDataList/>
<MetaDataList/>
</TestCase>
<TestCase Comment="" Date="1368695908437" Name="TriangleTest:testDiffOfBorders">
<CovList>
<CovPrefix CovItemPrefix="Triangle.java">
<Cov CovItemId="Q0-1" Value="1"/>
<Cov CovItemId="S1" Value="1"/>
<Cov CovItemId="S2" Value="1"/>
<Cov CovItemId="S20" Value="1"/>
<Cov CovItemId="S3" Value="1"/>
<Cov CovItemId="S4" Value="1"/>
<Cov CovItemId="S5" Value="1"/>
<Cov CovItemId="S6" Value="1"/>
</CovPrefix>
<CovPrefix CovItemPrefix="TriangleTest.java">
<Cov CovItemId="S5" Value="1"/>
<Cov CovItemId="S6" Value="1"/>
</CovPrefix>
</CovList>
<AssgnmntList/>
<ObjMetaDataList/>
<MetaDataList/>
</TestCase>
<TestCase Comment="" Date="1368695908438" Name="TriangleTest:testgetBorders">
<CovList>
<CovPrefix CovItemPrefix="Triangle.java">
<Cov CovItemId="S1" Value="1"/>
<Cov CovItemId="S2" Value="1"/>
<Cov CovItemId="S21" Value="1"/>
<Cov CovItemId="S22" Value="1"/>
<Cov CovItemId="S23" Value="1"/>
<Cov CovItemId="S24" Value="1"/>
<Cov CovItemId="S25" Value="1"/>
<Cov CovItemId="S3" Value="1"/>
<Cov CovItemId="S4" Value="1"/>
<Cov CovItemId="S5" Value="1"/>
<Cov CovItemId="S6" Value="1"/>
</CovPrefix>
<CovPrefix CovItemPrefix="TriangleTest.java">
<Cov CovItemId="S10" Value="1"/>
<Cov CovItemId="S11" Value="1"/>
<Cov CovItemId="S7" Value="1"/>
<Cov CovItemId="S8" Value="1"/>
<Cov CovItemId="S9" Value="1"/>
</CovPrefix>
</CovList>
<AssgnmntList/>
<ObjMetaDataList/>
<MetaDataList/>
</TestCase>
<TestCase Comment="" Date="1368695908439" Name="TriangleTest:testisTriangle">
<CovList>
<CovPrefix CovItemPrefix="Triangle.java">
<Cov CovItemId="B1" Value="9"/>
<Cov CovItemId="B2" Value="3"/>
<Cov CovItemId="B3" Value="6"/>
<Cov CovItemId="B4" Value="3"/>
<Cov CovItemId="Q0-0" Value="8"/>
<Cov CovItemId="Q0-1" Value="15"/>
<Cov CovItemId="S1" Value="12"/>
<Cov CovItemId="S10" Value="6"/>
<Cov CovItemId="S11" Value="12"/>
<Cov CovItemId="S2" Value="12"/>
<Cov CovItemId="S20" Value="23"/>
<Cov CovItemId="S3" Value="12"/>
<Cov CovItemId="S4" Value="12"/>
<Cov CovItemId="S5" Value="12"/>
<Cov CovItemId="S6" Value="12"/>
<Cov CovItemId="S7" Value="12"/>
<Cov CovItemId="S8" Value="12"/>
<Cov CovItemId="S9" Value="9"/>
</CovPrefix>
<CovPrefix CovItemPrefix="TriangleTest.java">
<Cov CovItemId="S12" Value="1"/>
<Cov CovItemId="S13" Value="1"/>
<Cov CovItemId="S14" Value="1"/>
<Cov CovItemId="S15" Value="1"/>
<Cov CovItemId="S16" Value="1"/>
<Cov CovItemId="S17" Value="1"/>
<Cov CovItemId="S18" Value="1"/>
<Cov CovItemId="S19" Value="1"/>
<Cov CovItemId="S20" Value="1"/>
<Cov CovItemId="S21" Value="1"/>
<Cov CovItemId="S22" Value="1"/>
<Cov CovItemId="S23" Value="1"/>
<Cov CovItemId="S24" Value="1"/>
<Cov CovItemId="S25" Value="1"/>
<Cov CovItemId="S26" Value="1"/>
<Cov CovItemId="S27" Value="1"/>
<Cov CovItemId="S28" Value="1"/>
<Cov CovItemId="S29" Value="1"/>
<Cov CovItemId="S30" Value="1"/>
<Cov CovItemId="S31" Value="1"/>
<Cov CovItemId="S32" Value="1"/>
<Cov CovItemId="S33" Value="1"/>
<Cov CovItemId="S34" Value="1"/>
<Cov CovItemId="S35" Value="1"/>
</CovPrefix>
</CovList>
<AssgnmntList>
<AssgnmntPrefix RootTermCovItemPrefix="Triangle.java">
<AssgnmntListEntry Length="6" RootTermCovItemId="C1">
<MapEntry BoolAssgnmnt="110222" Value="1"/>
<MapEntry BoolAssgnmnt="111102" Value="1"/>
<MapEntry BoolAssgnmnt="022222" Value="1"/>
<MapEntry BoolAssgnmnt="111111" Value="9"/>
</AssgnmntListEntry>
<AssgnmntListEntry Length="3" RootTermCovItemId="C2">
<MapEntry BoolAssgnmnt="102" Value="2"/>
<MapEntry BoolAssgnmnt="111" Value="6"/>
<MapEntry BoolAssgnmnt="022" Value="1"/>
</AssgnmntListEntry>
</AssgnmntPrefix>
</AssgnmntList>
<ObjMetaDataList/>
<MetaDataList/>
</TestCase>
<MetaDataList/>
</TestSession>
<TestSession Comment="" Date="1368695924627" Name="2013-5-16 17:18:44">
<TestCase Comment="" Date="1368695924599" Name="TriangleTest:testDiffOfBorders1">
<CovList>
<CovPrefix CovItemPrefix="Triangle.java">
<Cov CovItemId="Q0-1" Value="1"/>
<Cov CovItemId="S1" Value="1"/>
<Cov CovItemId="S2" Value="1"/>
<Cov CovItemId="S20" Value="1"/>
<Cov CovItemId="S3" Value="1"/>
<Cov CovItemId="S4" Value="1"/>
<Cov CovItemId="S5" Value="1"/>
<Cov CovItemId="S6" Value="1"/>
</CovPrefix>
<CovPrefix CovItemPrefix="TriangleTest.java">
<Cov CovItemId="S1" Value="1"/>
<Cov CovItemId="S2" Value="1"/>
</CovPrefix>
</CovList>
<AssgnmntList/>
<ObjMetaDataList/>
<MetaDataList/>
</TestCase>
<TestCase Comment="" Date="1368695924605" Name="TriangleTest:testDiffOfBorders2">
<CovList>
<CovPrefix CovItemPrefix="Triangle.java">
<Cov CovItemId="Q0-0" Value="1"/>
<Cov CovItemId="S1" Value="1"/>
<Cov CovItemId="S2" Value="1"/>
<Cov CovItemId="S20" Value="1"/>
<Cov CovItemId="S3" Value="1"/>
<Cov CovItemId="S4" Value="1"/>
<Cov CovItemId="S5" Value="1"/>
<Cov CovItemId="S6" Value="1"/>
</CovPrefix>
<CovPrefix CovItemPrefix="TriangleTest.java">
<Cov CovItemId="S3" Value="1"/>
<Cov CovItemId="S4" Value="1"/>
</CovPrefix>
</CovList>
<AssgnmntList/>
<ObjMetaDataList/>
<MetaDataList/>
</TestCase>
<TestCase Comment="" Date="1368695924606" Name="TriangleTest:testDiffOfBorders">
<CovList>
<CovPrefix CovItemPrefix="Triangle.java">
<Cov CovItemId="Q0-1" Value="1"/>
<Cov CovItemId="S1" Value="1"/>
<Cov CovItemId="S2" Value="1"/>
<Cov CovItemId="S20" Value="1"/>
<Cov CovItemId="S3" Value="1"/>
<Cov CovItemId="S4" Value="1"/>
<Cov CovItemId="S5" Value="1"/>
<Cov CovItemId="S6" Value="1"/>
</CovPrefix>
<CovPrefix CovItemPrefix="TriangleTest.java">
<Cov CovItemId="S5" Value="1"/>
<Cov CovItemId="S6" Value="1"/>
</CovPrefix>
</CovList>
<AssgnmntList/>
<ObjMetaDataList/>
<MetaDataList/>
</TestCase>
<TestCase Comment="" Date="1368695924607" Name="TriangleTest:testgetBorders">
<CovList>
<CovPrefix CovItemPrefix="Triangle.java">
<Cov CovItemId="S1" Value="1"/>
<Cov CovItemId="S2" Value="1"/>
<Cov CovItemId="S21" Value="1"/>
<Cov CovItemId="S22" Value="1"/>
<Cov CovItemId="S23" Value="1"/>
<Cov CovItemId="S24" Value="1"/>
<Cov CovItemId="S25" Value="1"/>
<Cov CovItemId="S3" Value="1"/>
<Cov CovItemId="S4" Value="1"/>
<Cov CovItemId="S5" Value="1"/>
<Cov CovItemId="S6" Value="1"/>
</CovPrefix>
<CovPrefix CovItemPrefix="TriangleTest.java">
<Cov CovItemId="S10" Value="1"/>
<Cov CovItemId="S11" Value="1"/>
<Cov CovItemId="S7" Value="1"/>
<Cov CovItemId="S8" Value="1"/>
<Cov CovItemId="S9" Value="1"/>
</CovPrefix>
</CovList>
<AssgnmntList/>
<ObjMetaDataList/>
<MetaDataList/>
</TestCase>
<TestCase Comment="" Date="1368695924608" Name="TriangleTest:testisTriangle">
<CovList>
<CovPrefix CovItemPrefix="Triangle.java">
<Cov CovItemId="B1" Value="9"/>
<Cov CovItemId="B2" Value="3"/>
<Cov CovItemId="B3" Value="6"/>
<Cov CovItemId="B4" Value="3"/>
<Cov CovItemId="Q0-0" Value="8"/>
<Cov CovItemId="Q0-1" Value="15"/>
<Cov CovItemId="S1" Value="12"/>
<Cov CovItemId="S10" Value="6"/>
<Cov CovItemId="S11" Value="12"/>
<Cov CovItemId="S2" Value="12"/>
<Cov CovItemId="S20" Value="23"/>
<Cov CovItemId="S3" Value="12"/>
<Cov CovItemId="S4" Value="12"/>
<Cov CovItemId="S5" Value="12"/>
<Cov CovItemId="S6" Value="12"/>
<Cov CovItemId="S7" Value="12"/>
<Cov CovItemId="S8" Value="12"/>
<Cov CovItemId="S9" Value="9"/>
</CovPrefix>
<CovPrefix CovItemPrefix="TriangleTest.java">
<Cov CovItemId="S12" Value="1"/>
<Cov CovItemId="S13" Value="1"/>
<Cov CovItemId="S14" Value="1"/>
<Cov CovItemId="S15" Value="1"/>
<Cov CovItemId="S16" Value="1"/>
<Cov CovItemId="S17" Value="1"/>
<Cov CovItemId="S18" Value="1"/>
<Cov CovItemId="S19" Value="1"/>
<Cov CovItemId="S20" Value="1"/>
<Cov CovItemId="S21" Value="1"/>
<Cov CovItemId="S22" Value="1"/>
<Cov CovItemId="S23" Value="1"/>
<Cov CovItemId="S24" Value="1"/>
<Cov CovItemId="S25" Value="1"/>
<Cov CovItemId="S26" Value="1"/>
<Cov CovItemId="S27" Value="1"/>
<Cov CovItemId="S28" Value="1"/>
<Cov CovItemId="S29" Value="1"/>
<Cov CovItemId="S30" Value="1"/>
<Cov CovItemId="S31" Value="1"/>
<Cov CovItemId="S32" Value="1"/>
<Cov CovItemId="S33" Value="1"/>
<Cov CovItemId="S34" Value="1"/>
<Cov CovItemId="S35" Value="1"/>
</CovPrefix>
</CovList>
<AssgnmntList>
<AssgnmntPrefix RootTermCovItemPrefix="Triangle.java">
<AssgnmntListEntry Length="6" RootTermCovItemId="C1">
<MapEntry BoolAssgnmnt="110222" Value="1"/>
<MapEntry BoolAssgnmnt="111102" Value="1"/>
<MapEntry BoolAssgnmnt="022222" Value="1"/>
<MapEntry BoolAssgnmnt="111111" Value="9"/>
</AssgnmntListEntry>
<AssgnmntListEntry Length="3" RootTermCovItemId="C2">
<MapEntry BoolAssgnmnt="102" Value="2"/>
<MapEntry BoolAssgnmnt="111" Value="6"/>
<MapEntry BoolAssgnmnt="022" Value="1"/>
</AssgnmntListEntry>
</AssgnmntPrefix>
</AssgnmntList>
<ObjMetaDataList/>
<MetaDataList/>
</TestCase>
<MetaDataList/>
</TestSession>
</TestSessionContainer>
